<?xml version="1.0" encoding="UTF-8"?>
<robot generator="Robot 3.0.2 (Python 3.5.2 on linux)" generated="20180402 10:05:07.015">
<suite id="s1" name="consulta CEP" source="/projetos_robot_framework/correios_web/features/consulta_CEP.robot">
<test id="s1-t1" name="1. Cenário: Buscar por CEP válido (SP)">
<kw name="Dado que eu esteja na Página dos Correios" library="keyword_consulta_CEP">
<kw name="Home.Load" library="home">
<kw name="Open Browser" library="SeleniumLibrary">
<doc>Opens a new browser instance to the given ``url``.</doc>
<arguments>
<arg>${HOME_CORREIOS}</arg>
<arg>${BROWSER}</arg>
</arguments>
<msg timestamp="20180402 10:05:07.182" level="INFO">Opening browser 'chrome' to base url 'http://www.correios.com.br/'.</msg>
<status endtime="20180402 10:05:09.187" status="PASS" starttime="20180402 10:05:07.182"></status>
</kw>
<kw name="Maximize Browser Window" library="SeleniumLibrary">
<doc>Maximizes current browser window.</doc>
<status endtime="20180402 10:05:09.291" status="PASS" starttime="20180402 10:05:09.188"></status>
</kw>
<status endtime="20180402 10:05:09.292" status="PASS" starttime="20180402 10:05:07.181"></status>
</kw>
<kw name="Home.VerifyPage" library="home">
<kw name="Location Should Contain" library="SeleniumLibrary">
<doc>Verifies that current URL contains ``expected``.</doc>
<arguments>
<arg>${HOME_CORREIOS}</arg>
</arguments>
<msg timestamp="20180402 10:05:09.298" level="INFO">Current location contains 'http://www.correios.com.br/'.</msg>
<status endtime="20180402 10:05:09.298" status="PASS" starttime="20180402 10:05:09.293"></status>
</kw>
<kw name="Sleep" library="BuiltIn">
<doc>Pauses the test executed for the given time.</doc>
<arguments>
<arg>1</arg>
</arguments>
<msg timestamp="20180402 10:05:10.298" level="INFO">Slept 1 second</msg>
<status endtime="20180402 10:05:10.299" status="PASS" starttime="20180402 10:05:09.298"></status>
</kw>
<kw name="Wait Until Page Contains" library="SeleniumLibrary">
<doc>Waits until ``text`` appears on current page.</doc>
<arguments>
<arg>${BUSCA_CEP_LITERAL}</arg>
</arguments>
<status endtime="20180402 10:05:10.315" status="PASS" starttime="20180402 10:05:10.299"></status>
</kw>
<status endtime="20180402 10:05:10.315" status="PASS" starttime="20180402 10:05:09.293"></status>
</kw>
<status endtime="20180402 10:05:10.315" status="PASS" starttime="20180402 10:05:07.181"></status>
</kw>
<kw name="Quando eu informar o CEP &quot;13086-510&quot; no campo &quot;Busca CEP ou Endereço&quot;" library="keyword_consulta_CEP">
<kw name="Home.InputCEP" library="home">
<arguments>
<arg>${CEP_SP}</arg>
</arguments>
<kw name="Input Text" library="SeleniumLibrary">
<doc>Types the given ``text`` into text field identified by ``locator``.</doc>
<arguments>
<arg>${BUSCA_CEP}</arg>
<arg>${CEP_VALIDO}</arg>
</arguments>
<msg timestamp="20180402 10:05:10.317" level="INFO">Typing text '13086-510' into text field 'acesso-busca'.</msg>
<status endtime="20180402 10:05:10.416" status="PASS" starttime="20180402 10:05:10.316"></status>
</kw>
<status endtime="20180402 10:05:10.417" status="PASS" starttime="20180402 10:05:10.316"></status>
</kw>
<kw name="Home.ConsultaCEP" library="home">
<kw name="Click Element" library="SeleniumLibrary">
<doc>Click element identified by ``locator``.</doc>
<arguments>
<arg>${LUPA_CONSULTA_CEP}</arg>
</arguments>
<msg timestamp="20180402 10:05:10.417" level="INFO">Clicking element '//div[@id='content-servicos']/ul//form[@action='http://www.buscacep.correios.com.br/sistemas/buscacep/resultadoBuscaCepEndereco.cfm?t']//input[@title='Consultar']'.</msg>
<status endtime="20180402 10:05:10.556" status="PASS" starttime="20180402 10:05:10.417"></status>
</kw>
<status endtime="20180402 10:05:10.557" status="PASS" starttime="20180402 10:05:10.417"></status>
</kw>
<status endtime="20180402 10:05:10.558" status="PASS" starttime="20180402 10:05:10.316"></status>
</kw>
<kw name="Então é apresentada a Página &quot;buscaCep&quot;" library="keyword_consulta_CEP">
<kw name="Sleep" library="BuiltIn">
<doc>Pauses the test executed for the given time.</doc>
<arguments>
<arg>1</arg>
</arguments>
<msg timestamp="20180402 10:05:11.560" level="INFO">Slept 1 second</msg>
<status endtime="20180402 10:05:11.561" status="PASS" starttime="20180402 10:05:10.560"></status>
</kw>
<kw name="contrib_proxima_aba" library="contrib_proxima_aba">
<kw name="List Windows" library="SeleniumLibrary">
<doc>Deprecated. Use `Get Window Handles` instead.</doc>
<assign>
<var>@{windows}</var>
</assign>
<msg timestamp="20180402 10:05:11.564" level="INFO">@{windows} = [ CDwindow-2D42991AE023B498621E338F9051DAD | CDwindow-9B84432E960FFAC7A2BCBA20CC44A0CA ]</msg>
<status endtime="20180402 10:05:11.564" status="PASS" starttime="20180402 10:05:11.561"></status>
</kw>
<kw name="Get Length" library="BuiltIn">
<doc>Returns and logs the length of the given item as an integer.</doc>
<arguments>
<arg>${windows}</arg>
</arguments>
<assign>
<var>${numWindows}</var>
</assign>
<msg timestamp="20180402 10:05:11.565" level="INFO">Length is 2</msg>
<msg timestamp="20180402 10:05:11.565" level="INFO">${numWindows} = 2</msg>
<status endtime="20180402 10:05:11.565" status="PASS" starttime="20180402 10:05:11.564"></status>
</kw>
<kw name="Evaluate" library="BuiltIn">
<doc>Evaluates the given expression in Python and returns the results.</doc>
<arguments>
<arg>${numWindows}-1</arg>
</arguments>
<assign>
<var>${indexLast}</var>
</assign>
<msg timestamp="20180402 10:05:11.566" level="INFO">${indexLast} = 1</msg>
<status endtime="20180402 10:05:11.566" status="PASS" starttime="20180402 10:05:11.566"></status>
</kw>
<kw name="Should Be True" library="BuiltIn">
<doc>Fails if the given condition is not true.</doc>
<arguments>
<arg>${numWindows} &gt; 1</arg>
</arguments>
<status endtime="20180402 10:05:11.567" status="PASS" starttime="20180402 10:05:11.567"></status>
</kw>
<kw name="Select Window" library="SeleniumLibrary">
<doc>Selects browser window matching ``locator``.</doc>
<arguments>
<arg>@{windows}[${indexLast}]</arg>
</arguments>
<status endtime="20180402 10:05:11.675" status="PASS" starttime="20180402 10:05:11.568"></status>
</kw>
<status endtime="20180402 10:05:11.677" status="PASS" starttime="20180402 10:05:11.561"></status>
</kw>
<kw name="buscaCEP.VerifyPage" library="buscaCEP">
<kw name="Location Should Contain" library="SeleniumLibrary">
<doc>Verifies that current URL contains ``expected``.</doc>
<arguments>
<arg>${URL_BUSCA_CEP}</arg>
</arguments>
<msg timestamp="20180402 10:05:11.769" level="INFO">Current location contains 'http://www.buscacep.correios.com.br/sistemas/buscacep/resultadoBuscaCepEndereco.cfm?t'.</msg>
<status endtime="20180402 10:05:11.769" status="PASS" starttime="20180402 10:05:11.679"></status>
</kw>
<kw name="Wait Until Page Contains" library="SeleniumLibrary">
<doc>Waits until ``text`` appears on current page.</doc>
<arguments>
<arg>${TEXT_BUSCA_CEP}</arg>
</arguments>
<status endtime="20180402 10:05:11.813" status="PASS" starttime="20180402 10:05:11.770"></status>
</kw>
<status endtime="20180402 10:05:11.813" status="PASS" starttime="20180402 10:05:11.678"></status>
</kw>
<status endtime="20180402 10:05:11.813" status="PASS" starttime="20180402 10:05:10.559"></status>
</kw>
<kw name="E o campo &quot;Logradouro/Nome&quot;: &quot;Rua Doutor Ricardo Benetton Martins&quot;" library="keyword_consulta_CEP">
<kw name="buscaCEP.Logradouro" library="buscaCEP">
<arguments>
<arg>${LOGRADOURO_SP}</arg>
</arguments>
<kw name="Wait Until Page Contains" library="SeleniumLibrary">
<doc>Waits until ``text`` appears on current page.</doc>
<arguments>
<arg>${LOGRADOURO}</arg>
</arguments>
<status endtime="20180402 10:05:11.852" status="PASS" starttime="20180402 10:05:11.815"></status>
</kw>
<status endtime="20180402 10:05:11.852" status="PASS" starttime="20180402 10:05:11.815"></status>
</kw>
<status endtime="20180402 10:05:11.852" status="PASS" starttime="20180402 10:05:11.814"></status>
</kw>
<kw name="E o &quot;Bairro/Distrito&quot;: &quot;Polo II de Alta Tecnologia (Campinas)&quot;" library="keyword_consulta_CEP">
<kw name="buscaCEP.Bairro" library="buscaCEP">
<arguments>
<arg>${BAIRRO_SP}</arg>
</arguments>
<kw name="Wait Until Page Contains" library="SeleniumLibrary">
<doc>Waits until ``text`` appears on current page.</doc>
<arguments>
<arg>${BAIRRO}</arg>
</arguments>
<status endtime="20180402 10:05:11.870" status="PASS" starttime="20180402 10:05:11.853"></status>
</kw>
<status endtime="20180402 10:05:11.870" status="PASS" starttime="20180402 10:05:11.853"></status>
</kw>
<status endtime="20180402 10:05:11.870" status="PASS" starttime="20180402 10:05:11.852"></status>
</kw>
<kw name="E a &quot;Localidade/UF: &quot;Campinas/SP&quot;" library="keyword_consulta_CEP">
<kw name="buscaCEP.Localidade" library="buscaCEP">
<arguments>
<arg>${LOCALIDADE_SP}</arg>
</arguments>
<kw name="Wait Until Page Contains" library="SeleniumLibrary">
<doc>Waits until ``text`` appears on current page.</doc>
<arguments>
<arg>${LOCALIDADE}</arg>
</arguments>
<status endtime="20180402 10:05:11.888" status="PASS" starttime="20180402 10:05:11.872"></status>
</kw>
<status endtime="20180402 10:05:11.888" status="PASS" starttime="20180402 10:05:11.872"></status>
</kw>
<status endtime="20180402 10:05:11.889" status="PASS" starttime="20180402 10:05:11.871"></status>
</kw>
<kw name="E o &quot;CEP&quot;: 13086-510" library="keyword_consulta_CEP">
<kw name="buscaCEP.CEP" library="buscaCEP">
<arguments>
<arg>${CEP_SP}</arg>
</arguments>
<kw name="Wait Until Page Contains" library="SeleniumLibrary">
<doc>Waits until ``text`` appears on current page.</doc>
<arguments>
<arg>${CEP}</arg>
</arguments>
<status endtime="20180402 10:05:11.906" status="PASS" starttime="20180402 10:05:11.890"></status>
</kw>
<status endtime="20180402 10:05:11.906" status="PASS" starttime="20180402 10:05:11.890"></status>
</kw>
<kw name="contrib_screenshot" library="contrib_screenshot">
<arguments>
<arg>1_CEP_Polis_Sucesso</arg>
</arguments>
<kw name="Get Current Date" library="DateTime">
<doc>Returns current local or UTC time with an optional increment.</doc>
<arguments>
<arg>result_format=%Y%m%d-%H%M</arg>
</arguments>
<assign>
<var>${DATE}</var>
</assign>
<msg timestamp="20180402 10:05:11.908" level="INFO">${DATE} = 20180402-1005</msg>
<status endtime="20180402 10:05:11.908" status="PASS" starttime="20180402 10:05:11.907"></status>
</kw>
<kw name="Set Screenshot Directory" library="SeleniumLibrary">
<doc>Sets the directory for captured screenshots.</doc>
<arguments>
<arg>${PATH}</arg>
</arguments>
<status endtime="20180402 10:05:11.909" status="PASS" starttime="20180402 10:05:11.908"></status>
</kw>
<kw name="Capture Page Screenshot" library="SeleniumLibrary">
<doc>Takes screenshot of the current page and embeds it into log file.</doc>
<arguments>
<arg>${PATH}/${filename}-${DATE}.${TYPE OF FILE}</arg>
</arguments>
<msg timestamp="20180402 10:05:12.037" level="INFO" html="yes">&lt;/td&gt;&lt;/tr&gt;&lt;tr&gt;&lt;td colspan="3"&gt;&lt;a href="evidencias/1_CEP_Polis_Sucesso-20180402-1005.png"&gt;&lt;img src="evidencias/1_CEP_Polis_Sucesso-20180402-1005.png" width="800px"&gt;&lt;/a&gt;</msg>
<status endtime="20180402 10:05:12.037" status="PASS" starttime="20180402 10:05:11.909"></status>
</kw>
<status endtime="20180402 10:05:12.038" status="PASS" starttime="20180402 10:05:11.907"></status>
</kw>
<status endtime="20180402 10:05:12.038" status="PASS" starttime="20180402 10:05:11.889"></status>
</kw>
<kw name="Close Browser" library="SeleniumLibrary" type="teardown">
<doc>Closes the current browser.</doc>
<status endtime="20180402 10:05:12.097" status="PASS" starttime="20180402 10:05:12.038"></status>
</kw>
<tags>
<tag>smoke</tag>
</tags>
<status endtime="20180402 10:05:12.097" status="PASS" starttime="20180402 10:05:07.180" critical="yes"></status>
</test>
<test id="s1-t2" name="2. Cenário: Buscar por CEP inválido">
<kw name="Dado que eu esteja na Página dos Correios" library="keyword_consulta_CEP">
<kw name="Home.Load" library="home">
<kw name="Open Browser" library="SeleniumLibrary">
<doc>Opens a new browser instance to the given ``url``.</doc>
<arguments>
<arg>${HOME_CORREIOS}</arg>
<arg>${BROWSER}</arg>
</arguments>
<msg timestamp="20180402 10:05:12.102" level="INFO">Opening browser 'chrome' to base url 'http://www.correios.com.br/'.</msg>
<status endtime="20180402 10:05:15.076" status="PASS" starttime="20180402 10:05:12.101"></status>
</kw>
<kw name="Maximize Browser Window" library="SeleniumLibrary">
<doc>Maximizes current browser window.</doc>
<status endtime="20180402 10:05:15.180" status="PASS" starttime="20180402 10:05:15.077"></status>
</kw>
<status endtime="20180402 10:05:15.181" status="PASS" starttime="20180402 10:05:12.101"></status>
</kw>
<kw name="Home.VerifyPage" library="home">
<kw name="Location Should Contain" library="SeleniumLibrary">
<doc>Verifies that current URL contains ``expected``.</doc>
<arguments>
<arg>${HOME_CORREIOS}</arg>
</arguments>
<msg timestamp="20180402 10:05:15.192" level="INFO">Current location contains 'http://www.correios.com.br/'.</msg>
<status endtime="20180402 10:05:15.193" status="PASS" starttime="20180402 10:05:15.182"></status>
</kw>
<kw name="Sleep" library="BuiltIn">
<doc>Pauses the test executed for the given time.</doc>
<arguments>
<arg>1</arg>
</arguments>
<msg timestamp="20180402 10:05:16.193" level="INFO">Slept 1 second</msg>
<status endtime="20180402 10:05:16.194" status="PASS" starttime="20180402 10:05:15.193"></status>
</kw>
<kw name="Wait Until Page Contains" library="SeleniumLibrary">
<doc>Waits until ``text`` appears on current page.</doc>
<arguments>
<arg>${BUSCA_CEP_LITERAL}</arg>
</arguments>
<status endtime="20180402 10:05:16.208" status="PASS" starttime="20180402 10:05:16.194"></status>
</kw>
<status endtime="20180402 10:05:16.208" status="PASS" starttime="20180402 10:05:15.181"></status>
</kw>
<status endtime="20180402 10:05:16.209" status="PASS" starttime="20180402 10:05:12.100"></status>
</kw>
<kw name="Quando eu informar &quot;!@$%*(&quot; no campo &quot;Busca CEP ou Endereço&quot;" library="keyword_consulta_CEP">
<kw name="Home.InputCEP" library="home">
<arguments>
<arg>${CEP_INVALIDO}</arg>
</arguments>
<kw name="Input Text" library="SeleniumLibrary">
<doc>Types the given ``text`` into text field identified by ``locator``.</doc>
<arguments>
<arg>${BUSCA_CEP}</arg>
<arg>${CEP_VALIDO}</arg>
</arguments>
<msg timestamp="20180402 10:05:16.210" level="INFO">Typing text '!@$%*(' into text field 'acesso-busca'.</msg>
<status endtime="20180402 10:05:16.299" status="PASS" starttime="20180402 10:05:16.209"></status>
</kw>
<status endtime="20180402 10:05:16.299" status="PASS" starttime="20180402 10:05:16.209"></status>
</kw>
<kw name="Home.ConsultaCEP" library="home">
<kw name="Click Element" library="SeleniumLibrary">
<doc>Click element identified by ``locator``.</doc>
<arguments>
<arg>${LUPA_CONSULTA_CEP}</arg>
</arguments>
<msg timestamp="20180402 10:05:16.300" level="INFO">Clicking element '//div[@id='content-servicos']/ul//form[@action='http://www.buscacep.correios.com.br/sistemas/buscacep/resultadoBuscaCepEndereco.cfm?t']//input[@title='Consultar']'.</msg>
<status endtime="20180402 10:05:16.440" status="PASS" starttime="20180402 10:05:16.300"></status>
</kw>
<status endtime="20180402 10:05:16.441" status="PASS" starttime="20180402 10:05:16.300"></status>
</kw>
<status endtime="20180402 10:05:16.441" status="PASS" starttime="20180402 10:05:16.209"></status>
</kw>
<kw name="Então é apresentada a Página &quot;buscaCep&quot;" library="keyword_consulta_CEP">
<kw name="Sleep" library="BuiltIn">
<doc>Pauses the test executed for the given time.</doc>
<arguments>
<arg>1</arg>
</arguments>
<msg timestamp="20180402 10:05:17.443" level="INFO">Slept 1 second</msg>
<status endtime="20180402 10:05:17.443" status="PASS" starttime="20180402 10:05:16.443"></status>
</kw>
<kw name="contrib_proxima_aba" library="contrib_proxima_aba">
<kw name="List Windows" library="SeleniumLibrary">
<doc>Deprecated. Use `Get Window Handles` instead.</doc>
<assign>
<var>@{windows}</var>
</assign>
<msg timestamp="20180402 10:05:17.447" level="INFO">@{windows} = [ CDwindow-1EEF7E0EDB9A1C47D9107249FFD9FB47 | CDwindow-A13B2AF98C370BFA6A7CE89140C77EED ]</msg>
<status endtime="20180402 10:05:17.447" status="PASS" starttime="20180402 10:05:17.445"></status>
</kw>
<kw name="Get Length" library="BuiltIn">
<doc>Returns and logs the length of the given item as an integer.</doc>
<arguments>
<arg>${windows}</arg>
</arguments>
<assign>
<var>${numWindows}</var>
</assign>
<msg timestamp="20180402 10:05:17.448" level="INFO">Length is 2</msg>
<msg timestamp="20180402 10:05:17.448" level="INFO">${numWindows} = 2</msg>
<status endtime="20180402 10:05:17.448" status="PASS" starttime="20180402 10:05:17.447"></status>
</kw>
<kw name="Evaluate" library="BuiltIn">
<doc>Evaluates the given expression in Python and returns the results.</doc>
<arguments>
<arg>${numWindows}-1</arg>
</arguments>
<assign>
<var>${indexLast}</var>
</assign>
<msg timestamp="20180402 10:05:17.448" level="INFO">${indexLast} = 1</msg>
<status endtime="20180402 10:05:17.448" status="PASS" starttime="20180402 10:05:17.448"></status>
</kw>
<kw name="Should Be True" library="BuiltIn">
<doc>Fails if the given condition is not true.</doc>
<arguments>
<arg>${numWindows} &gt; 1</arg>
</arguments>
<status endtime="20180402 10:05:17.449" status="PASS" starttime="20180402 10:05:17.448"></status>
</kw>
<kw name="Select Window" library="SeleniumLibrary">
<doc>Selects browser window matching ``locator``.</doc>
<arguments>
<arg>@{windows}[${indexLast}]</arg>
</arguments>
<status endtime="20180402 10:05:17.521" status="PASS" starttime="20180402 10:05:17.449"></status>
</kw>
<status endtime="20180402 10:05:17.522" status="PASS" starttime="20180402 10:05:17.444"></status>
</kw>
<kw name="buscaCEP.VerifyPage" library="buscaCEP">
<kw name="Location Should Contain" library="SeleniumLibrary">
<doc>Verifies that current URL contains ``expected``.</doc>
<arguments>
<arg>${URL_BUSCA_CEP}</arg>
</arguments>
<msg timestamp="20180402 10:05:20.057" level="INFO">Current location contains 'http://www.buscacep.correios.com.br/sistemas/buscacep/resultadoBuscaCepEndereco.cfm?t'.</msg>
<status endtime="20180402 10:05:20.058" status="PASS" starttime="20180402 10:05:17.524"></status>
</kw>
<kw name="Wait Until Page Contains" library="SeleniumLibrary">
<doc>Waits until ``text`` appears on current page.</doc>
<arguments>
<arg>${TEXT_BUSCA_CEP}</arg>
</arguments>
<status endtime="20180402 10:05:20.073" status="PASS" starttime="20180402 10:05:20.058"></status>
</kw>
<status endtime="20180402 10:05:20.074" status="PASS" starttime="20180402 10:05:17.522"></status>
</kw>
<status endtime="20180402 10:05:20.074" status="PASS" starttime="20180402 10:05:16.442"></status>
</kw>
<kw name="E a mensagem &quot;DADOS INVALIDOS/NAO INFORMADO&quot;" library="keyword_consulta_CEP">
<kw name="buscaCEP.MsgDadosInvalidos" library="buscaCEP">
<kw name="Wait Until Page Contains" library="SeleniumLibrary">
<doc>Waits until ``text`` appears on current page.</doc>
<arguments>
<arg>${MSG_ERRO_INVALIDO}</arg>
</arguments>
<status endtime="20180402 10:05:20.089" status="PASS" starttime="20180402 10:05:20.075"></status>
</kw>
<status endtime="20180402 10:05:20.089" status="PASS" starttime="20180402 10:05:20.075"></status>
</kw>
<kw name="contrib_screenshot" library="contrib_screenshot">
<arguments>
<arg>2_CEP_Invalido</arg>
</arguments>
<kw name="Get Current Date" library="DateTime">
<doc>Returns current local or UTC time with an optional increment.</doc>
<arguments>
<arg>result_format=%Y%m%d-%H%M</arg>
</arguments>
<assign>
<var>${DATE}</var>
</assign>
<msg timestamp="20180402 10:05:20.090" level="INFO">${DATE} = 20180402-1005</msg>
<status endtime="20180402 10:05:20.090" status="PASS" starttime="20180402 10:05:20.090"></status>
</kw>
<kw name="Set Screenshot Directory" library="SeleniumLibrary">
<doc>Sets the directory for captured screenshots.</doc>
<arguments>
<arg>${PATH}</arg>
</arguments>
<status endtime="20180402 10:05:20.090" status="PASS" starttime="20180402 10:05:20.090"></status>
</kw>
<kw name="Capture Page Screenshot" library="SeleniumLibrary">
<doc>Takes screenshot of the current page and embeds it into log file.</doc>
<arguments>
<arg>${PATH}/${filename}-${DATE}.${TYPE OF FILE}</arg>
</arguments>
<msg timestamp="20180402 10:05:20.202" level="INFO" html="yes">&lt;/td&gt;&lt;/tr&gt;&lt;tr&gt;&lt;td colspan="3"&gt;&lt;a href="evidencias/2_CEP_Invalido-20180402-1005.png"&gt;&lt;img src="evidencias/2_CEP_Invalido-20180402-1005.png" width="800px"&gt;&lt;/a&gt;</msg>
<status endtime="20180402 10:05:20.202" status="PASS" starttime="20180402 10:05:20.090"></status>
</kw>
<status endtime="20180402 10:05:20.202" status="PASS" starttime="20180402 10:05:20.089"></status>
</kw>
<status endtime="20180402 10:05:20.203" status="PASS" starttime="20180402 10:05:20.074"></status>
</kw>
<kw name="Close Browser" library="SeleniumLibrary" type="teardown">
<doc>Closes the current browser.</doc>
<status endtime="20180402 10:05:20.261" status="PASS" starttime="20180402 10:05:20.203"></status>
</kw>
<tags>
<tag>invalido</tag>
</tags>
<status endtime="20180402 10:05:20.261" status="PASS" starttime="20180402 10:05:12.099" critical="yes"></status>
</test>
<test id="s1-t3" name="3. Cenário: Buscar por CEP inexistente">
<kw name="Dado que eu esteja na Página dos Correios" library="keyword_consulta_CEP">
<kw name="Home.Load" library="home">
<kw name="Open Browser" library="SeleniumLibrary">
<doc>Opens a new browser instance to the given ``url``.</doc>
<arguments>
<arg>${HOME_CORREIOS}</arg>
<arg>${BROWSER}</arg>
</arguments>
<msg timestamp="20180402 10:05:20.263" level="INFO">Opening browser 'chrome' to base url 'http://www.correios.com.br/'.</msg>
<status endtime="20180402 10:05:23.420" status="PASS" starttime="20180402 10:05:20.263"></status>
</kw>
<kw name="Maximize Browser Window" library="SeleniumLibrary">
<doc>Maximizes current browser window.</doc>
<status endtime="20180402 10:05:23.525" status="PASS" starttime="20180402 10:05:23.421"></status>
</kw>
<status endtime="20180402 10:05:23.525" status="PASS" starttime="20180402 10:05:20.263"></status>
</kw>
<kw name="Home.VerifyPage" library="home">
<kw name="Location Should Contain" library="SeleniumLibrary">
<doc>Verifies that current URL contains ``expected``.</doc>
<arguments>
<arg>${HOME_CORREIOS}</arg>
</arguments>
<msg timestamp="20180402 10:05:23.531" level="INFO">Current location contains 'http://www.correios.com.br/'.</msg>
<status endtime="20180402 10:05:23.531" status="PASS" starttime="20180402 10:05:23.526"></status>
</kw>
<kw name="Sleep" library="BuiltIn">
<doc>Pauses the test executed for the given time.</doc>
<arguments>
<arg>1</arg>
</arguments>
<msg timestamp="20180402 10:05:24.532" level="INFO">Slept 1 second</msg>
<status endtime="20180402 10:05:24.532" status="PASS" starttime="20180402 10:05:23.531"></status>
</kw>
<kw name="Wait Until Page Contains" library="SeleniumLibrary">
<doc>Waits until ``text`` appears on current page.</doc>
<arguments>
<arg>${BUSCA_CEP_LITERAL}</arg>
</arguments>
<status endtime="20180402 10:05:24.547" status="PASS" starttime="20180402 10:05:24.532"></status>
</kw>
<status endtime="20180402 10:05:24.548" status="PASS" starttime="20180402 10:05:23.525"></status>
</kw>
<status endtime="20180402 10:05:24.548" status="PASS" starttime="20180402 10:05:20.263"></status>
</kw>
<kw name="Quando eu informar &quot;99999-999&quot; no campo &quot;Busca CEP ou Endereço&quot;" library="keyword_consulta_CEP">
<kw name="Home.InputCEP" library="home">
<arguments>
<arg>${CEP_INEXISTENTE}</arg>
</arguments>
<kw name="Input Text" library="SeleniumLibrary">
<doc>Types the given ``text`` into text field identified by ``locator``.</doc>
<arguments>
<arg>${BUSCA_CEP}</arg>
<arg>${CEP_VALIDO}</arg>
</arguments>
<msg timestamp="20180402 10:05:24.549" level="INFO">Typing text '99999-999' into text field 'acesso-busca'.</msg>
<status endtime="20180402 10:05:24.659" status="PASS" starttime="20180402 10:05:24.549"></status>
</kw>
<status endtime="20180402 10:05:24.660" status="PASS" starttime="20180402 10:05:24.549"></status>
</kw>
<kw name="Home.ConsultaCEP" library="home">
<kw name="Click Element" library="SeleniumLibrary">
<doc>Click element identified by ``locator``.</doc>
<arguments>
<arg>${LUPA_CONSULTA_CEP}</arg>
</arguments>
<msg timestamp="20180402 10:05:24.660" level="INFO">Clicking element '//div[@id='content-servicos']/ul//form[@action='http://www.buscacep.correios.com.br/sistemas/buscacep/resultadoBuscaCepEndereco.cfm?t']//input[@title='Consultar']'.</msg>
<status endtime="20180402 10:05:24.791" status="PASS" starttime="20180402 10:05:24.660"></status>
</kw>
<status endtime="20180402 10:05:24.793" status="PASS" starttime="20180402 10:05:24.660"></status>
</kw>
<status endtime="20180402 10:05:24.793" status="PASS" starttime="20180402 10:05:24.548"></status>
</kw>
<kw name="Então é apresentada a Página &quot;buscaCep&quot;" library="keyword_consulta_CEP">
<kw name="Sleep" library="BuiltIn">
<doc>Pauses the test executed for the given time.</doc>
<arguments>
<arg>1</arg>
</arguments>
<msg timestamp="20180402 10:05:25.795" level="INFO">Slept 1 second</msg>
<status endtime="20180402 10:05:25.796" status="PASS" starttime="20180402 10:05:24.794"></status>
</kw>
<kw name="contrib_proxima_aba" library="contrib_proxima_aba">
<kw name="List Windows" library="SeleniumLibrary">
<doc>Deprecated. Use `Get Window Handles` instead.</doc>
<assign>
<var>@{windows}</var>
</assign>
<msg timestamp="20180402 10:05:25.798" level="INFO">@{windows} = [ CDwindow-FCEE49928BC110FA80B89B1985B04BCF | CDwindow-5796BAA84C1912C18EF8F21D78A694D ]</msg>
<status endtime="20180402 10:05:25.798" status="PASS" starttime="20180402 10:05:25.797"></status>
</kw>
<kw name="Get Length" library="BuiltIn">
<doc>Returns and logs the length of the given item as an integer.</doc>
<arguments>
<arg>${windows}</arg>
</arguments>
<assign>
<var>${numWindows}</var>
</assign>
<msg timestamp="20180402 10:05:25.799" level="INFO">Length is 2</msg>
<msg timestamp="20180402 10:05:25.799" level="INFO">${numWindows} = 2</msg>
<status endtime="20180402 10:05:25.799" status="PASS" starttime="20180402 10:05:25.798"></status>
</kw>
<kw name="Evaluate" library="BuiltIn">
<doc>Evaluates the given expression in Python and returns the results.</doc>
<arguments>
<arg>${numWindows}-1</arg>
</arguments>
<assign>
<var>${indexLast}</var>
</assign>
<msg timestamp="20180402 10:05:25.799" level="INFO">${indexLast} = 1</msg>
<status endtime="20180402 10:05:25.799" status="PASS" starttime="20180402 10:05:25.799"></status>
</kw>
<kw name="Should Be True" library="BuiltIn">
<doc>Fails if the given condition is not true.</doc>
<arguments>
<arg>${numWindows} &gt; 1</arg>
</arguments>
<status endtime="20180402 10:05:25.800" status="PASS" starttime="20180402 10:05:25.799"></status>
</kw>
<kw name="Select Window" library="SeleniumLibrary">
<doc>Selects browser window matching ``locator``.</doc>
<arguments>
<arg>@{windows}[${indexLast}]</arg>
</arguments>
<status endtime="20180402 10:05:25.864" status="PASS" starttime="20180402 10:05:25.800"></status>
</kw>
<status endtime="20180402 10:05:25.865" status="PASS" starttime="20180402 10:05:25.796"></status>
</kw>
<kw name="buscaCEP.VerifyPage" library="buscaCEP">
<kw name="Location Should Contain" library="SeleniumLibrary">
<doc>Verifies that current URL contains ``expected``.</doc>
<arguments>
<arg>${URL_BUSCA_CEP}</arg>
</arguments>
<msg timestamp="20180402 10:05:25.900" level="INFO">Current location contains 'http://www.buscacep.correios.com.br/sistemas/buscacep/resultadoBuscaCepEndereco.cfm?t'.</msg>
<status endtime="20180402 10:05:25.900" status="PASS" starttime="20180402 10:05:25.865"></status>
</kw>
<kw name="Wait Until Page Contains" library="SeleniumLibrary">
<doc>Waits until ``text`` appears on current page.</doc>
<arguments>
<arg>${TEXT_BUSCA_CEP}</arg>
</arguments>
<status endtime="20180402 10:05:25.920" status="PASS" starttime="20180402 10:05:25.901"></status>
</kw>
<status endtime="20180402 10:05:25.920" status="PASS" starttime="20180402 10:05:25.865"></status>
</kw>
<status endtime="20180402 10:05:25.920" status="PASS" starttime="20180402 10:05:24.794"></status>
</kw>
<kw name="E a mensagem &quot;DADOS NAO ENCONTRADOS&quot;" library="keyword_consulta_CEP">
<kw name="buscaCEP.MsgDadosInexistentes" library="buscaCEP">
<kw name="Wait Until Page Contains" library="SeleniumLibrary">
<doc>Waits until ``text`` appears on current page.</doc>
<arguments>
<arg>${MSG_ERRO_INEXISTENTE}</arg>
</arguments>
<status endtime="20180402 10:05:25.938" status="PASS" starttime="20180402 10:05:25.921"></status>
</kw>
<status endtime="20180402 10:05:25.938" status="PASS" starttime="20180402 10:05:25.921"></status>
</kw>
<kw name="contrib_screenshot" library="contrib_screenshot">
<arguments>
<arg>3_CEP_Inexistente</arg>
</arguments>
<kw name="Get Current Date" library="DateTime">
<doc>Returns current local or UTC time with an optional increment.</doc>
<arguments>
<arg>result_format=%Y%m%d-%H%M</arg>
</arguments>
<assign>
<var>${DATE}</var>
</assign>
<msg timestamp="20180402 10:05:25.939" level="INFO">${DATE} = 20180402-1005</msg>
<status endtime="20180402 10:05:25.939" status="PASS" starttime="20180402 10:05:25.939"></status>
</kw>
<kw name="Set Screenshot Directory" library="SeleniumLibrary">
<doc>Sets the directory for captured screenshots.</doc>
<arguments>
<arg>${PATH}</arg>
</arguments>
<status endtime="20180402 10:05:25.940" status="PASS" starttime="20180402 10:05:25.939"></status>
</kw>
<kw name="Capture Page Screenshot" library="SeleniumLibrary">
<doc>Takes screenshot of the current page and embeds it into log file.</doc>
<arguments>
<arg>${PATH}/${filename}-${DATE}.${TYPE OF FILE}</arg>
</arguments>
<msg timestamp="20180402 10:05:26.064" level="INFO" html="yes">&lt;/td&gt;&lt;/tr&gt;&lt;tr&gt;&lt;td colspan="3"&gt;&lt;a href="evidencias/3_CEP_Inexistente-20180402-1005.png"&gt;&lt;img src="evidencias/3_CEP_Inexistente-20180402-1005.png" width="800px"&gt;&lt;/a&gt;</msg>
<status endtime="20180402 10:05:26.064" status="PASS" starttime="20180402 10:05:25.940"></status>
</kw>
<status endtime="20180402 10:05:26.064" status="PASS" starttime="20180402 10:05:25.938"></status>
</kw>
<status endtime="20180402 10:05:26.064" status="PASS" starttime="20180402 10:05:25.920"></status>
</kw>
<kw name="Close Browser" library="SeleniumLibrary" type="teardown">
<doc>Closes the current browser.</doc>
<status endtime="20180402 10:05:26.126" status="PASS" starttime="20180402 10:05:26.065"></status>
</kw>
<tags>
<tag>inexistente</tag>
</tags>
<status endtime="20180402 10:05:26.126" status="PASS" starttime="20180402 10:05:20.262" critical="yes"></status>
</test>
<test id="s1-t4" name="4. Cenário: Buscar por CEP válido (RJ)">
<kw name="Dado que eu esteja na Página dos Correios" library="keyword_consulta_CEP">
<kw name="Home.Load" library="home">
<kw name="Open Browser" library="SeleniumLibrary">
<doc>Opens a new browser instance to the given ``url``.</doc>
<arguments>
<arg>${HOME_CORREIOS}</arg>
<arg>${BROWSER}</arg>
</arguments>
<msg timestamp="20180402 10:05:26.129" level="INFO">Opening browser 'chrome' to base url 'http://www.correios.com.br/'.</msg>
<status endtime="20180402 10:05:29.203" status="PASS" starttime="20180402 10:05:26.129"></status>
</kw>
<kw name="Maximize Browser Window" library="SeleniumLibrary">
<doc>Maximizes current browser window.</doc>
<status endtime="20180402 10:05:29.308" status="PASS" starttime="20180402 10:05:29.203"></status>
</kw>
<status endtime="20180402 10:05:29.308" status="PASS" starttime="20180402 10:05:26.128"></status>
</kw>
<kw name="Home.VerifyPage" library="home">
<kw name="Location Should Contain" library="SeleniumLibrary">
<doc>Verifies that current URL contains ``expected``.</doc>
<arguments>
<arg>${HOME_CORREIOS}</arg>
</arguments>
<msg timestamp="20180402 10:05:29.314" level="INFO">Current location contains 'http://www.correios.com.br/'.</msg>
<status endtime="20180402 10:05:29.315" status="PASS" starttime="20180402 10:05:29.309"></status>
</kw>
<kw name="Sleep" library="BuiltIn">
<doc>Pauses the test executed for the given time.</doc>
<arguments>
<arg>1</arg>
</arguments>
<msg timestamp="20180402 10:05:30.315" level="INFO">Slept 1 second</msg>
<status endtime="20180402 10:05:30.316" status="PASS" starttime="20180402 10:05:29.315"></status>
</kw>
<kw name="Wait Until Page Contains" library="SeleniumLibrary">
<doc>Waits until ``text`` appears on current page.</doc>
<arguments>
<arg>${BUSCA_CEP_LITERAL}</arg>
</arguments>
<status endtime="20180402 10:05:30.331" status="PASS" starttime="20180402 10:05:30.316"></status>
</kw>
<status endtime="20180402 10:05:30.332" status="PASS" starttime="20180402 10:05:29.308"></status>
</kw>
<status endtime="20180402 10:05:30.332" status="PASS" starttime="20180402 10:05:26.127"></status>
</kw>
<kw name="Quando eu informar o CEP &quot;20020-021&quot; no campo &quot;Busca CEP ou Endereço&quot;" library="keyword_consulta_CEP">
<kw name="Home.InputCEP" library="home">
<arguments>
<arg>${CEP_RJ}</arg>
</arguments>
<kw name="Input Text" library="SeleniumLibrary">
<doc>Types the given ``text`` into text field identified by ``locator``.</doc>
<arguments>
<arg>${BUSCA_CEP}</arg>
<arg>${CEP_VALIDO}</arg>
</arguments>
<msg timestamp="20180402 10:05:30.333" level="INFO">Typing text '20020-021' into text field 'acesso-busca'.</msg>
<status endtime="20180402 10:05:30.437" status="PASS" starttime="20180402 10:05:30.333"></status>
</kw>
<status endtime="20180402 10:05:30.437" status="PASS" starttime="20180402 10:05:30.333"></status>
</kw>
<kw name="Home.ConsultaCEP" library="home">
<kw name="Click Element" library="SeleniumLibrary">
<doc>Click element identified by ``locator``.</doc>
<arguments>
<arg>${LUPA_CONSULTA_CEP}</arg>
</arguments>
<msg timestamp="20180402 10:05:30.438" level="INFO">Clicking element '//div[@id='content-servicos']/ul//form[@action='http://www.buscacep.correios.com.br/sistemas/buscacep/resultadoBuscaCepEndereco.cfm?t']//input[@title='Consultar']'.</msg>
<status endtime="20180402 10:05:30.592" status="PASS" starttime="20180402 10:05:30.437"></status>
</kw>
<status endtime="20180402 10:05:30.593" status="PASS" starttime="20180402 10:05:30.437"></status>
</kw>
<status endtime="20180402 10:05:30.593" status="PASS" starttime="20180402 10:05:30.332"></status>
</kw>
<kw name="Então é apresentada a Página &quot;buscaCep&quot;" library="keyword_consulta_CEP">
<kw name="Sleep" library="BuiltIn">
<doc>Pauses the test executed for the given time.</doc>
<arguments>
<arg>1</arg>
</arguments>
<msg timestamp="20180402 10:05:31.597" level="INFO">Slept 1 second</msg>
<status endtime="20180402 10:05:31.597" status="PASS" starttime="20180402 10:05:30.596"></status>
</kw>
<kw name="contrib_proxima_aba" library="contrib_proxima_aba">
<kw name="List Windows" library="SeleniumLibrary">
<doc>Deprecated. Use `Get Window Handles` instead.</doc>
<assign>
<var>@{windows}</var>
</assign>
<msg timestamp="20180402 10:05:31.599" level="INFO">@{windows} = [ CDwindow-DB2C30460A9A2C73124FAD33A3CC192F | CDwindow-D1D415D3249B34C097E31F088F336BAD ]</msg>
<status endtime="20180402 10:05:31.600" status="PASS" starttime="20180402 10:05:31.598"></status>
</kw>
<kw name="Get Length" library="BuiltIn">
<doc>Returns and logs the length of the given item as an integer.</doc>
<arguments>
<arg>${windows}</arg>
</arguments>
<assign>
<var>${numWindows}</var>
</assign>
<msg timestamp="20180402 10:05:31.600" level="INFO">Length is 2</msg>
<msg timestamp="20180402 10:05:31.600" level="INFO">${numWindows} = 2</msg>
<status endtime="20180402 10:05:31.600" status="PASS" starttime="20180402 10:05:31.600"></status>
</kw>
<kw name="Evaluate" library="BuiltIn">
<doc>Evaluates the given expression in Python and returns the results.</doc>
<arguments>
<arg>${numWindows}-1</arg>
</arguments>
<assign>
<var>${indexLast}</var>
</assign>
<msg timestamp="20180402 10:05:31.601" level="INFO">${indexLast} = 1</msg>
<status endtime="20180402 10:05:31.601" status="PASS" starttime="20180402 10:05:31.600"></status>
</kw>
<kw name="Should Be True" library="BuiltIn">
<doc>Fails if the given condition is not true.</doc>
<arguments>
<arg>${numWindows} &gt; 1</arg>
</arguments>
<status endtime="20180402 10:05:31.601" status="PASS" starttime="20180402 10:05:31.601"></status>
</kw>
<kw name="Select Window" library="SeleniumLibrary">
<doc>Selects browser window matching ``locator``.</doc>
<arguments>
<arg>@{windows}[${indexLast}]</arg>
</arguments>
<status endtime="20180402 10:05:31.664" status="PASS" starttime="20180402 10:05:31.601"></status>
</kw>
<status endtime="20180402 10:05:31.665" status="PASS" starttime="20180402 10:05:31.597"></status>
</kw>
<kw name="buscaCEP.VerifyPage" library="buscaCEP">
<kw name="Location Should Contain" library="SeleniumLibrary">
<doc>Verifies that current URL contains ``expected``.</doc>
<arguments>
<arg>${URL_BUSCA_CEP}</arg>
</arguments>
<msg timestamp="20180402 10:05:35.487" level="INFO">Current location contains 'http://www.buscacep.correios.com.br/sistemas/buscacep/resultadoBuscaCepEndereco.cfm?t'.</msg>
<status endtime="20180402 10:05:35.488" status="PASS" starttime="20180402 10:05:31.666"></status>
</kw>
<kw name="Wait Until Page Contains" library="SeleniumLibrary">
<doc>Waits until ``text`` appears on current page.</doc>
<arguments>
<arg>${TEXT_BUSCA_CEP}</arg>
</arguments>
<status endtime="20180402 10:05:35.508" status="PASS" starttime="20180402 10:05:35.488"></status>
</kw>
<status endtime="20180402 10:05:35.508" status="PASS" starttime="20180402 10:05:31.665"></status>
</kw>
<status endtime="20180402 10:05:35.508" status="PASS" starttime="20180402 10:05:30.596"></status>
</kw>
<kw name="E o campo &quot;Logradouro/Nome&quot;: &quot;Rua Santa Luzia - até 405 - lado ímpar&quot;" library="keyword_consulta_CEP">
<kw name="buscaCEP.Logradouro" library="buscaCEP">
<arguments>
<arg>${LOGRADOURO_RJ}</arg>
</arguments>
<kw name="Wait Until Page Contains" library="SeleniumLibrary">
<doc>Waits until ``text`` appears on current page.</doc>
<arguments>
<arg>${LOGRADOURO}</arg>
</arguments>
<status endtime="20180402 10:05:35.524" status="PASS" starttime="20180402 10:05:35.510"></status>
</kw>
<status endtime="20180402 10:05:35.524" status="PASS" starttime="20180402 10:05:35.509"></status>
</kw>
<status endtime="20180402 10:05:35.524" status="PASS" starttime="20180402 10:05:35.509"></status>
</kw>
<kw name="E o &quot;Bairro/Distrito&quot;: &quot;Centro&quot;" library="keyword_consulta_CEP">
<kw name="buscaCEP.Bairro" library="buscaCEP">
<arguments>
<arg>${BAIRRO_RJ}</arg>
</arguments>
<kw name="Wait Until Page Contains" library="SeleniumLibrary">
<doc>Waits until ``text`` appears on current page.</doc>
<arguments>
<arg>${BAIRRO}</arg>
</arguments>
<status endtime="20180402 10:05:35.539" status="PASS" starttime="20180402 10:05:35.525"></status>
</kw>
<status endtime="20180402 10:05:35.539" status="PASS" starttime="20180402 10:05:35.525"></status>
</kw>
<status endtime="20180402 10:05:35.539" status="PASS" starttime="20180402 10:05:35.525"></status>
</kw>
<kw name="E a &quot;Localidade/UF: &quot;Rio de Janeiro/RJ&quot;" library="keyword_consulta_CEP">
<kw name="buscaCEP.Localidade" library="buscaCEP">
<arguments>
<arg>${LOCALIDADE_RJ}</arg>
</arguments>
<kw name="Wait Until Page Contains" library="SeleniumLibrary">
<doc>Waits until ``text`` appears on current page.</doc>
<arguments>
<arg>${LOCALIDADE}</arg>
</arguments>
<status endtime="20180402 10:05:35.553" status="PASS" starttime="20180402 10:05:35.541"></status>
</kw>
<status endtime="20180402 10:05:35.554" status="PASS" starttime="20180402 10:05:35.541"></status>
</kw>
<status endtime="20180402 10:05:35.554" status="PASS" starttime="20180402 10:05:35.540"></status>
</kw>
<kw name="E o &quot;CEP&quot;: 20020-021" library="keyword_consulta_CEP">
<kw name="buscaCEP.CEP" library="buscaCEP">
<arguments>
<arg>${CEP_RJ}</arg>
</arguments>
<kw name="Wait Until Page Contains" library="SeleniumLibrary">
<doc>Waits until ``text`` appears on current page.</doc>
<arguments>
<arg>${CEP}</arg>
</arguments>
<status endtime="20180402 10:05:35.568" status="PASS" starttime="20180402 10:05:35.555"></status>
</kw>
<status endtime="20180402 10:05:35.568" status="PASS" starttime="20180402 10:05:35.554"></status>
</kw>
<kw name="contrib_screenshot" library="contrib_screenshot">
<arguments>
<arg>4_CEP_RJ_Sucesso</arg>
</arguments>
<kw name="Get Current Date" library="DateTime">
<doc>Returns current local or UTC time with an optional increment.</doc>
<arguments>
<arg>result_format=%Y%m%d-%H%M</arg>
</arguments>
<assign>
<var>${DATE}</var>
</assign>
<msg timestamp="20180402 10:05:35.569" level="INFO">${DATE} = 20180402-1005</msg>
<status endtime="20180402 10:05:35.569" status="PASS" starttime="20180402 10:05:35.569"></status>
</kw>
<kw name="Set Screenshot Directory" library="SeleniumLibrary">
<doc>Sets the directory for captured screenshots.</doc>
<arguments>
<arg>${PATH}</arg>
</arguments>
<status endtime="20180402 10:05:35.570" status="PASS" starttime="20180402 10:05:35.570"></status>
</kw>
<kw name="Capture Page Screenshot" library="SeleniumLibrary">
<doc>Takes screenshot of the current page and embeds it into log file.</doc>
<arguments>
<arg>${PATH}/${filename}-${DATE}.${TYPE OF FILE}</arg>
</arguments>
<msg timestamp="20180402 10:05:35.682" level="INFO" html="yes">&lt;/td&gt;&lt;/tr&gt;&lt;tr&gt;&lt;td colspan="3"&gt;&lt;a href="evidencias/4_CEP_RJ_Sucesso-20180402-1005.png"&gt;&lt;img src="evidencias/4_CEP_RJ_Sucesso-20180402-1005.png" width="800px"&gt;&lt;/a&gt;</msg>
<status endtime="20180402 10:05:35.682" status="PASS" starttime="20180402 10:05:35.570"></status>
</kw>
<status endtime="20180402 10:05:35.682" status="PASS" starttime="20180402 10:05:35.569"></status>
</kw>
<status endtime="20180402 10:05:35.682" status="PASS" starttime="20180402 10:05:35.554"></status>
</kw>
<kw name="Close Browser" library="SeleniumLibrary" type="teardown">
<doc>Closes the current browser.</doc>
<status endtime="20180402 10:05:35.740" status="PASS" starttime="20180402 10:05:35.683"></status>
</kw>
<tags>
<tag>RJ</tag>
</tags>
<status endtime="20180402 10:05:35.741" status="PASS" starttime="20180402 10:05:26.127" critical="yes"></status>
</test>
<doc>Acesso à pagina dos Correios para busca de CEPs</doc>
<status endtime="20180402 10:05:35.742" status="PASS" starttime="20180402 10:05:07.016"></status>
</suite>
<statistics>
<total>
<stat pass="4" fail="0">Critical Tests</stat>
<stat pass="4" fail="0">All Tests</stat>
</total>
<tag>
<stat pass="1" fail="0">inexistente</stat>
<stat pass="1" fail="0">invalido</stat>
<stat pass="1" fail="0">RJ</stat>
<stat pass="1" fail="0">smoke</stat>
</tag>
<suite>
<stat id="s1" name="consulta CEP" pass="4" fail="0">consulta CEP</stat>
</suite>
</statistics>
<errors>
</errors>
</robot>
